
4월 13, 2023 14:48:46.27 NEW SESSION
4월 13, 2023 14:48:46.27 [10436:2680:0413/144846.278:ERROR:device_event_log_impl.cc(222)] [14:48:46.278] USB: usb_device_handle_win.cc:1046 Failed to read descriptor from node connection: 시스템에 부착된 장치가 작동하지 않습니다. (0x1F)
4월 13, 2023 14:48:46.27 [10436:2680:0413/144846.279:ERROR:device_event_log_impl.cc(222)] [14:48:46.279] USB: usb_device_handle_win.cc:1046 Failed to read descriptor from node connection: 시스템에 부착된 장치가 작동하지 않습니다. (0x1F)
4월 13, 2023 14:48:46.37 INFO: Created TensorFlow Lite XNNPACK delegate for CPU.
4월 13, 2023 15:08:34.27 [10436:2680:0413/150834.273:ERROR:interface_endpoint_client.cc(695)] Message 1 rejected by interface blink.mojom.WidgetHost
4월 13, 2023 15:08:34.27 [10436:2680:0413/150834.273:ERROR:interface_endpoint_client.cc(695)] Message 1 rejected by interface blink.mojom.WidgetHost
4월 13, 2023 16:07:11.39 [libprotobuf ERROR ..\..\third_party\protobuf\src\google\protobuf\message_lite.cc:133] Can't parse message of type "safe_browsing.ClientDownloadRequest" because it is missing required fields: (cannot determine missing fields for lite message)

4월 14, 2023 14:51:22.95 NEW SESSION
4월 14, 2023 14:51:22.95 [10892:120:0414/145122.950:ERROR:device_event_log_impl.cc(222)] [14:51:22.949] USB: usb_device_handle_win.cc:1046 Failed to read descriptor from node connection: 시스템에 부착된 장치가 작동하지 않습니다. (0x1F)
4월 14, 2023 14:51:22.95 [10892:120:0414/145122.951:ERROR:device_event_log_impl.cc(222)] [14:51:22.950] USB: usb_device_handle_win.cc:1046 Failed to read descriptor from node connection: 시스템에 부착된 장치가 작동하지 않습니다. (0x1F)
4월 14, 2023 14:51:23.03 INFO: Created TensorFlow Lite XNNPACK delegate for CPU.
4월 14, 2023 14:51:57.82 [5584:1228:0414/145157.826:ERROR:device_event_log_impl.cc(222)] [14:51:57.826] USB: usb_device_handle_win.cc:1046 Failed to read descriptor from node connection: 시스템에 부착된 장치가 작동하지 않습니다. (0x1F)
4월 14, 2023 14:51:57.82 [5584:1228:0414/145157.827:ERROR:device_event_log_impl.cc(222)] [14:51:57.827] USB: usb_device_handle_win.cc:1046 Failed to read descriptor from node connection: 시스템에 부착된 장치가 작동하지 않습니다. (0x1F)
4월 14, 2023 14:51:57.85 INFO: Created TensorFlow Lite XNNPACK delegate for CPU.
4월 14, 2023 14:53:16.17 [2904:2852:0414/145316.179:ERROR:device_event_log_impl.cc(222)] [14:53:16.179] USB: usb_device_handle_win.cc:1046 Failed to read descriptor from node connection: 시스템에 부착된 장치가 작동하지 않습니다. (0x1F)
4월 14, 2023 14:53:16.18 [2904:2852:0414/145316.180:ERROR:device_event_log_impl.cc(222)] [14:53:16.180] USB: usb_device_handle_win.cc:1046 Failed to read descriptor from node connection: 시스템에 부착된 장치가 작동하지 않습니다. (0x1F)
4월 14, 2023 14:53:16.21 INFO: Created TensorFlow Lite XNNPACK delegate for CPU.

4월 17, 2023 16:30:18.04 NEW SESSION
4월 17, 2023 16:30:18.04 [7608:5216:0417/163018.048:ERROR:device_event_log_impl.cc(222)] [16:30:18.048] USB: usb_device_handle_win.cc:1046 Failed to read descriptor from node connection: 시스템에 부착된 장치가 작동하지 않습니다. (0x1F)
4월 17, 2023 16:30:18.04 [7608:5216:0417/163018.049:ERROR:device_event_log_impl.cc(222)] [16:30:18.049] USB: usb_device_handle_win.cc:1046 Failed to read descriptor from node connection: 시스템에 부착된 장치가 작동하지 않습니다. (0x1F)
4월 17, 2023 16:30:18.13 INFO: Created TensorFlow Lite XNNPACK delegate for CPU.
4월 17, 2023 16:36:58.94 [10244:11920:0417/163658.942:ERROR:device_event_log_impl.cc(222)] [16:36:58.943] USB: usb_device_handle_win.cc:1046 Failed to read descriptor from node connection: 시스템에 부착된 장치가 작동하지 않습니다. (0x1F)
4월 17, 2023 16:36:58.94 [10244:11920:0417/163658.944:ERROR:device_event_log_impl.cc(222)] [16:36:58.945] USB: usb_device_handle_win.cc:1046 Failed to read descriptor from node connection: 시스템에 부착된 장치가 작동하지 않습니다. (0x1F)
4월 17, 2023 16:36:58.97 INFO: Created TensorFlow Lite XNNPACK delegate for CPU.

4월 25, 2023 14:50:25.90 NEW SESSION
4월 25, 2023 14:50:25.90 [9480:3232:0425/145025.900:ERROR:device_event_log_impl.cc(222)] [14:50:25.899] USB: usb_device_handle_win.cc:1046 Failed to read descriptor from node connection: 시스템에 부착된 장치가 작동하지 않습니다. (0x1F)
4월 25, 2023 14:50:25.90 [9480:3232:0425/145025.901:ERROR:device_event_log_impl.cc(222)] [14:50:25.900] USB: usb_device_handle_win.cc:1046 Failed to read descriptor from node connection: 시스템에 부착된 장치가 작동하지 않습니다. (0x1F)
4월 25, 2023 14:50:25.98 INFO: Created TensorFlow Lite XNNPACK delegate for CPU.
4월 25, 2023 17:09:41.63 [9480:3232:0425/170941.632:ERROR:CONSOLE(0)] "Blocked script execution in 'data:text/html;charset=UTF-8,%0D%0A%3C!DOCTYPE%20html%3E%0D%0A%3Chtml%3E%0D%0A%09%3Chead%3E%0D%0A%09%09%3Cmeta%20charset=%22UTF-8%22%3E%0D%0A%09%09%3Ctitle%3EInsert%20title%20here%3C/title%3E%0D%0A%09%09%3Cscript%20type=%22text/javascript%22%3E%0D%0A%09%09%09%0D%0A%09%09%3C/script%3E%0D%0A%09%3C/head%3E%0D%0A%09%3Cbody%3E%0D%0A%09%0D%0A%09%3C/body%3E%0D%0A%3C/html%3E' because the document's frame is sandboxed and the 'allow-scripts' permission is not set.", source: data:text/html;charset=UTF-8,%0D%0A%3C!DOCTYPE%20html%3E%0D%0A%3Chtml%3E%0D%0A%09%3Chead%3E%0D%0A%09%09%3Cmeta%20charset=%22UTF-8%22%3E%0D%0A%09%09%3Ctitle%3EInsert%20title%20here%3C/title%3E%0D%0A%09%09%3Cscript%20type=%22text/javascript%22%3E%0D%0A%09%09%09%0D%0A%09%09%3C/script%3E%0D%0A%09%3C/head%3E%0D%0A%09%3Cbody%3E%0D%0A%09%0D%0A%09%3C/body%3E%0D%0A%3C/html%3E (0)
4월 25, 2023 17:10:40.37 [9480:3232:0425/171040.376:ERROR:CONSOLE(0)] "Blocked script execution in 'data:text/html;charset=UTF-8,%0D%0A%3C!DOCTYPE%20html%3E%0D%0A%3Chtml%3E%0D%0A%09%3Chead%3E%0D%0A%09%09%3Cmeta%20charset=%22UTF-8%22%3E%0D%0A%09%09%3Ctitle%3EInsert%20title%20here%3C/title%3E%0D%0A%09%09%3Cscript%20type=%22text/javascript%22%3E%0D%0A%09%09%09%0D%0A%09%09%3C/script%3E%0D%0A%09%3C/head%3E%0D%0A%09%3Cbody%3E%0D%0A%09%09%EC%BF%A0%ED%82%A4%EC%A0%80%EC%9E%A5%EC%99%84%EB%A3%8C%3Cbr%3E%0D%0A%09%09%EC%BF%A0%ED%82%A4%EC%9D%B4%EB%A6%84%20:%20%3Cbr%3E%0D%0A%09%09%EC%BF%A0%ED%82%A4%EB%82%B4%EC%9A%A9%20:%20%3Cbr%3E%0D%0A%09%3C/body%3E%0D%0A%3C/html%3E' because the document's frame is sandboxed and the 'allow-scripts' permission is not set.", source: data:text/html;charset=UTF-8,%0D%0A%3C!DOCTYPE%20html%3E%0D%0A%3Chtml%3E%0D%0A%09%3Chead%3E%0D%0A%09%09%3Cmeta%20charset=%22UTF-8%22%3E%0D%0A%09%09%3Ctitle%3EInsert%20title%20here%3C/title%3E%0D%0A%09%09%3Cscript%20type=%22text/javascript%22%3E%0D%0A%09%09%09%0D%0A%09%09%3C/script%3E%0D%0A%09%3C/head%3E%0D%0A%09%3Cbody%3E%0D%0A%09%09%EC%BF%A0%ED%82%A4%EC%A0%80%EC%9E%A5%EC%99%84%EB%A3%8C%3Cbr%3E%0D%0A%09%09%EC%BF%A0%ED%82%A4%EC%9D%B4%EB%A6%84%20:%20%3Cbr%3E%0D%0A%09%09%EC%BF%A0%ED%82%A4%EB%82%B4%EC%9A%A9%20:%20%3Cbr%3E%0D%0A%09%3C/body%3E%0D%0A%3C/html%3E (0)
4월 25, 2023 17:27:22.67 [9480:3232:0425/172722.676:ERROR:interface_endpoint_client.cc(695)] Message 1 rejected by interface blink.mojom.WidgetHost

4월 27, 2023 14:54:25.78 NEW SESSION
4월 27, 2023 14:54:25.78 [10504:8344:0427/145425.780:ERROR:device_event_log_impl.cc(222)] [14:54:25.780] USB: usb_device_handle_win.cc:1046 Failed to read descriptor from node connection: 시스템에 부착된 장치가 작동하지 않습니다. (0x1F)
4월 27, 2023 14:54:25.78 [10504:8344:0427/145425.782:ERROR:device_event_log_impl.cc(222)] [14:54:25.781] USB: usb_device_handle_win.cc:1046 Failed to read descriptor from node connection: 시스템에 부착된 장치가 작동하지 않습니다. (0x1F)
4월 27, 2023 14:54:25.91 INFO: Created TensorFlow Lite XNNPACK delegate for CPU.
4월 27, 2023 15:03:57.37 [10504:8344:0427/150357.373:ERROR:interface_endpoint_client.cc(695)] Message 1 rejected by interface blink.mojom.WidgetHost

4월 28, 2023 16:04:41.33 NEW SESSION
4월 28, 2023 16:04:41.33 [10936:12160:0428/160441.329:ERROR:device_event_log_impl.cc(222)] [16:04:41.330] USB: usb_device_handle_win.cc:1046 Failed to read descriptor from node connection: 시스템에 부착된 장치가 작동하지 않습니다. (0x1F)
4월 28, 2023 16:04:41.33 [10936:12160:0428/160441.331:ERROR:device_event_log_impl.cc(222)] [16:04:41.332] USB: usb_device_handle_win.cc:1046 Failed to read descriptor from node connection: 시스템에 부착된 장치가 작동하지 않습니다. (0x1F)
4월 28, 2023 16:04:41.36 INFO: Created TensorFlow Lite XNNPACK delegate for CPU.
